-- The C compiler identification is GNU 11.4.0
-- The CXX compiler identification is GNU 11.4.0
-- Detecting C compiler ABI info
-- Detecting C compiler ABI info - done
-- Check for working C compiler: /usr/bin/cc - skipped
-- Detecting C compile features
-- Detecting C compile features - done
-- Detecting CXX compiler ABI info
-- Detecting CXX compiler ABI info - done
-- Check for working CXX compiler: /usr/bin/c++ - skipped
-- Detecting CXX compile features
-- Detecting CXX compile features - done
-- Found ament_cmake: 1.3.12 (/opt/ros/humble/share/ament_cmake/cmake)
-- Found Python3: /home/asser/miniconda3/bin/python3 (found version "3.13.9") found components: Interpreter 
-- Found builtin_interfaces: 1.2.2 (/opt/ros/humble/share/builtin_interfaces/cmake)
-- Found rosidl_generator_c: 3.1.7 (/opt/ros/humble/share/rosidl_generator_c/cmake)
-- Found rosidl_adapter: 3.1.7 (/opt/ros/humble/share/rosidl_adapter/cmake)
-- Found rosidl_generator_cpp: 3.1.7 (/opt/ros/humble/share/rosidl_generator_cpp/cmake)
-- Using all available rosidl_typesupport_c: rosidl_typesupport_fastrtps_c;rosidl_typesupport_introspection_c
-- Using all available rosidl_typesupport_cpp: rosidl_typesupport_fastrtps_cpp;rosidl_typesupport_introspection_cpp
-- Found rosidl_default_generators: 1.2.0 (/opt/ros/humble/share/rosidl_default_generators/cmake)
[31mCMake Error at /opt/ros/humble/share/rosidl_adapter/cmake/rosidl_adapt_interfaces.cmake:59 (message):
  execute_process(/home/asser/miniconda3/bin/python3 -m rosidl_adapter
  --package-name dynamixel_sdk_custom_interfaces --arguments-file
  /home/asser/test/turtlebot_ws/build/dynamixel_sdk_custom_interfaces/rosidl_adapter__arguments__dynamixel_sdk_custom_interfaces.json
  --output-dir
  /home/asser/test/turtlebot_ws/build/dynamixel_sdk_custom_interfaces/rosidl_adapter/dynamixel_sdk_custom_interfaces
  --output-file
  /home/asser/test/turtlebot_ws/build/dynamixel_sdk_custom_interfaces/rosidl_adapter/dynamixel_sdk_custom_interfaces.idls)
  returned error code 1:

  AttributeError processing template 'msg.idl.em'

  Traceback (most recent call last):

    File "/opt/ros/humble/local/lib/python3.10/dist-packages/rosidl_adapter/resource/__init__.py", line 48, in evaluate_template
      _interpreter = em.Interpreter(
                     ^^^^^^^^^^^^^^

  AttributeError: module 'em' has no attribute 'Interpreter'

  

  During handling of the above exception, another exception occurred:

  

  Traceback (most recent call last):

    File "<frozen runpy>", line 198, in _run_module_as_main
    File "<frozen runpy>", line 88, in _run_code
    File "/opt/ros/humble/local/lib/python3.10/dist-packages/rosidl_adapter/__main__.py", line 19, in <module>
      sys.exit(main())
               ~~~~^^
    File "/opt/ros/humble/local/lib/python3.10/dist-packages/rosidl_adapter/main.py", line 53, in main
      abs_idl_file = convert_to_idl(
          pathlib.Path(basepath), args.package_name,
          pathlib.Path(relative_path), output_dir)
    File "/opt/ros/humble/local/lib/python3.10/dist-packages/rosidl_adapter/__init__.py", line 19, in convert_to_idl
      return convert_msg_to_idl(
          package_dir, package_name, interface_file, output_dir / 'msg')
    File "/opt/ros/humble/local/lib/python3.10/dist-packages/rosidl_adapter/msg/__init__.py", line 39, in convert_msg_to_idl
      expand_template('msg.idl.em', data, output_file, encoding='iso-8859-1')
      ~~~~~~~~~~~~~~~^^^^^^^^^^^^^^^^^^^^^^^^^^^^^^^^^^^^^^^^^^^^^^^^^^^^^^^^
    File "/opt/ros/humble/local/lib/python3.10/dist-packages/rosidl_adapter/resource/__init__.py", line 23, in expand_template
      content = evaluate_template(template_name, data)
    File "/opt/ros/humble/local/lib/python3.10/dist-packages/rosidl_adapter/resource/__init__.py", line 69, in evaluate_template
      _interpreter.shutdown()
      ^^^^^^^^^^^^^^^^^^^^^

  AttributeError: 'NoneType' object has no attribute 'shutdown'

Call Stack (most recent call first):
  /opt/ros/humble/share/rosidl_cmake/cmake/rosidl_generate_interfaces.cmake:130 (rosidl_adapt_interfaces)
  CMakeLists.txt:26 (rosidl_generate_interfaces)

[0m
-- Configuring incomplete, errors occurred!
See also "/home/asser/test/turtlebot_ws/build/dynamixel_sdk_custom_interfaces/CMakeFiles/CMakeOutput.log".
