[0.053s] Invoking command in '/home/asser/test/turtlebot_ws/build/dynamixel_sdk_custom_interfaces': CMAKE_PREFIX_PATH=/opt/ros/humble CONDA_PROMPT_MODIFIER=(base) /usr/bin/cmake /home/asser/test/turtlebot_ws/src/DynamixelSDK/ros/dynamixel_sdk_custom_interfaces -DCMAKE_INSTALL_PREFIX=/home/asser/test/turtlebot_ws/install/dynamixel_sdk_custom_interfaces
[0.458s] -- The C compiler identification is GNU 11.4.0
[0.633s] -- The CXX compiler identification is GNU 11.4.0
[0.803s] -- Detecting C compiler ABI info
[0.946s] -- Detecting C compiler ABI info - done
[0.959s] -- Check for working C compiler: /usr/bin/cc - skipped
[0.959s] -- Detecting C compile features
[0.960s] -- Detecting C compile features - done
[0.965s] -- Detecting CXX compiler ABI info
[1.134s] -- Detecting CXX compiler ABI info - done
[1.145s] -- Check for working CXX compiler: /usr/bin/c++ - skipped
[1.145s] -- Detecting CXX compile features
[1.146s] -- Detecting CXX compile features - done
[1.151s] -- Found ament_cmake: 1.3.12 (/opt/ros/humble/share/ament_cmake/cmake)
[1.927s] -- Found Python3: /home/asser/miniconda3/bin/python3 (found version "3.13.9") found components: Interpreter 
[2.120s] -- Found builtin_interfaces: 1.2.2 (/opt/ros/humble/share/builtin_interfaces/cmake)
[2.292s] -- Found rosidl_generator_c: 3.1.7 (/opt/ros/humble/share/rosidl_generator_c/cmake)
[2.312s] -- Found rosidl_adapter: 3.1.7 (/opt/ros/humble/share/rosidl_adapter/cmake)
[2.328s] -- Found rosidl_generator_cpp: 3.1.7 (/opt/ros/humble/share/rosidl_generator_cpp/cmake)
[2.363s] -- Using all available rosidl_typesupport_c: rosidl_typesupport_fastrtps_c;rosidl_typesupport_introspection_c
[2.399s] -- Using all available rosidl_typesupport_cpp: rosidl_typesupport_fastrtps_cpp;rosidl_typesupport_introspection_cpp
[2.432s] -- Found rosidl_default_generators: 1.2.0 (/opt/ros/humble/share/rosidl_default_generators/cmake)
[2.611s] [31mCMake Error at /opt/ros/humble/share/rosidl_adapter/cmake/rosidl_adapt_interfaces.cmake:59 (message):
[2.612s]   execute_process(/home/asser/miniconda3/bin/python3 -m rosidl_adapter
[2.612s]   --package-name dynamixel_sdk_custom_interfaces --arguments-file
[2.612s]   /home/asser/test/turtlebot_ws/build/dynamixel_sdk_custom_interfaces/rosidl_adapter__arguments__dynamixel_sdk_custom_interfaces.json
[2.612s]   --output-dir
[2.612s]   /home/asser/test/turtlebot_ws/build/dynamixel_sdk_custom_interfaces/rosidl_adapter/dynamixel_sdk_custom_interfaces
[2.612s]   --output-file
[2.612s]   /home/asser/test/turtlebot_ws/build/dynamixel_sdk_custom_interfaces/rosidl_adapter/dynamixel_sdk_custom_interfaces.idls)
[2.612s]   returned error code 1:
[2.612s] 
[2.612s]   AttributeError processing template 'msg.idl.em'
[2.612s] 
[2.612s]   Traceback (most recent call last):
[2.612s] 
[2.613s]     File "/opt/ros/humble/local/lib/python3.10/dist-packages/rosidl_adapter/resource/__init__.py", line 48, in evaluate_template
[2.613s]       _interpreter = em.Interpreter(
[2.613s]                      ^^^^^^^^^^^^^^
[2.613s] 
[2.613s]   AttributeError: module 'em' has no attribute 'Interpreter'
[2.613s] 
[2.613s]   
[2.613s] 
[2.613s]   During handling of the above exception, another exception occurred:
[2.613s] 
[2.613s]   
[2.613s] 
[2.613s]   Traceback (most recent call last):
[2.613s] 
[2.613s]     File "<frozen runpy>", line 198, in _run_module_as_main
[2.613s]     File "<frozen runpy>", line 88, in _run_code
[2.613s]     File "/opt/ros/humble/local/lib/python3.10/dist-packages/rosidl_adapter/__main__.py", line 19, in <module>
[2.613s]       sys.exit(main())
[2.614s]                ~~~~^^
[2.614s]     File "/opt/ros/humble/local/lib/python3.10/dist-packages/rosidl_adapter/main.py", line 53, in main
[2.614s]       abs_idl_file = convert_to_idl(
[2.614s]           pathlib.Path(basepath), args.package_name,
[2.614s]           pathlib.Path(relative_path), output_dir)
[2.614s]     File "/opt/ros/humble/local/lib/python3.10/dist-packages/rosidl_adapter/__init__.py", line 19, in convert_to_idl
[2.614s]       return convert_msg_to_idl(
[2.614s]           package_dir, package_name, interface_file, output_dir / 'msg')
[2.614s]     File "/opt/ros/humble/local/lib/python3.10/dist-packages/rosidl_adapter/msg/__init__.py", line 39, in convert_msg_to_idl
[2.614s]       expand_template('msg.idl.em', data, output_file, encoding='iso-8859-1')
[2.614s]       ~~~~~~~~~~~~~~~^^^^^^^^^^^^^^^^^^^^^^^^^^^^^^^^^^^^^^^^^^^^^^^^^^^^^^^^
[2.614s]     File "/opt/ros/humble/local/lib/python3.10/dist-packages/rosidl_adapter/resource/__init__.py", line 23, in expand_template
[2.614s]       content = evaluate_template(template_name, data)
[2.614s]     File "/opt/ros/humble/local/lib/python3.10/dist-packages/rosidl_adapter/resource/__init__.py", line 69, in evaluate_template
[2.614s]       _interpreter.shutdown()
[2.614s]       ^^^^^^^^^^^^^^^^^^^^^
[2.614s] 
[2.614s]   AttributeError: 'NoneType' object has no attribute 'shutdown'
[2.614s] 
[2.614s] Call Stack (most recent call first):
[2.615s]   /opt/ros/humble/share/rosidl_cmake/cmake/rosidl_generate_interfaces.cmake:130 (rosidl_adapt_interfaces)
[2.615s]   CMakeLists.txt:26 (rosidl_generate_interfaces)
[2.615s] 
[2.615s] [0m
[2.615s] -- Configuring incomplete, errors occurred!
[2.615s] See also "/home/asser/test/turtlebot_ws/build/dynamixel_sdk_custom_interfaces/CMakeFiles/CMakeOutput.log".
[2.621s] Invoked command in '/home/asser/test/turtlebot_ws/build/dynamixel_sdk_custom_interfaces' returned '1': CMAKE_PREFIX_PATH=/opt/ros/humble CONDA_PROMPT_MODIFIER=(base) /usr/bin/cmake /home/asser/test/turtlebot_ws/src/DynamixelSDK/ros/dynamixel_sdk_custom_interfaces -DCMAKE_INSTALL_PREFIX=/home/asser/test/turtlebot_ws/install/dynamixel_sdk_custom_interfaces
